<?xml version="1.0" encoding="UTF-8"?>
<!-- Generated by org.testng.reporters.JUnitXMLReporter -->
<testsuite hostname="Monicas-MacBook-Pro.local" ignored="0" name="Calculator fucntionality test" tests="27" failures="0" timestamp="06 Aug 2020 04:03:25 GMT" time="68.344" errors="0">
  <testcase name="verifyAdditionOfTwoPositiveNumbers" time="3.124" classname="com.qa.calculator.tests.CalculatorTest"/>
  <testcase name="verifyAdditionOfTwoNegativeNumbers" time="3.386" classname="com.qa.calculator.tests.CalculatorTest"/>
  <testcase name="verifyAdditionOfOnePositiveOneNegativeNumber" time="2.954" classname="com.qa.calculator.tests.CalculatorTest"/>
  <testcase name="verifySubtractionOfTwoIntegerNumbers" time="2.529" classname="com.qa.calculator.tests.CalculatorTest"/>
  <testcase name="verifySubtractionOfTwoNegativeNumbers" time="3.397" classname="com.qa.calculator.tests.CalculatorTest"/>
  <testcase name="verifySubtractionOfOnePositiveOneNegativeNumber" time="2.929" classname="com.qa.calculator.tests.CalculatorTest"/>
  <testcase name="verifyMultiplicationOfTwoIntegerNumbers" time="2.422" classname="com.qa.calculator.tests.CalculatorTest"/>
  <testcase name="verifyMultiplicationOfTwoNegativeNumbers" time="2.938" classname="com.qa.calculator.tests.CalculatorTest"/>
  <testcase name="verifyMultiplicationOfOnePositiveOneNegativeNumber" time="3.375" classname="com.qa.calculator.tests.CalculatorTest"/>
  <testcase name="verifyDivisionOfTwoIntegerNumbers" time="2.483" classname="com.qa.calculator.tests.CalculatorTest"/>
  <testcase name="verifyDivisionOfTwoNegativeNumbers" time="3.86" classname="com.qa.calculator.tests.CalculatorTest"/>
  <testcase name="verifyDivisionOfOnePositiveOneNegativeNumber" time="2.852" classname="com.qa.calculator.tests.CalculatorTest"/>
  <testcase name="verifyDivisionOfNumebrByZero" time="2.438" classname="com.qa.calculator.tests.CalculatorTest"/>
  <testcase name="verifyDivisionOfNumebrByNegativeNumber" time="2.867" classname="com.qa.calculator.tests.CalculatorTest"/>
  <testcase name="verifyClickon1" time="1.626" classname="com.qa.calculator.tests.CalculatorTest"/>
  <testcase name="verifyClickon2" time="1.557" classname="com.qa.calculator.tests.CalculatorTest"/>
  <testcase name="verifyClickon3" time="1.581" classname="com.qa.calculator.tests.CalculatorTest"/>
  <testcase name="verifyClickon4" time="1.571" classname="com.qa.calculator.tests.CalculatorTest"/>
  <testcase name="verifyClickon5" time="1.559" classname="com.qa.calculator.tests.CalculatorTest"/>
  <testcase name="verifyClickon6" time="1.583" classname="com.qa.calculator.tests.CalculatorTest"/>
  <testcase name="verifyClickon7" time="1.58" classname="com.qa.calculator.tests.CalculatorTest"/>
  <testcase name="verifyClickon8" time="1.581" classname="com.qa.calculator.tests.CalculatorTest"/>
  <testcase name="verifyClickon9" time="1.602" classname="com.qa.calculator.tests.CalculatorTest"/>
  <testcase name="verifyClickon0" time="1.57" classname="com.qa.calculator.tests.CalculatorTest"/>
  <testcase name="verifyCEButtonResetsValue" time="0.876" classname="com.qa.calculator.tests.CalculatorTest"/>
  <testcase name="verifyAtleastNineDigitAdded" time="4.118" classname="com.qa.calculator.tests.CalculatorTest"/>
  <testcase name="verifyNoMoreThanNineDigitsAdded" time="4.385" classname="com.qa.calculator.tests.CalculatorTest"/>
</testsuite> <!-- Calculator fucntionality test -->
